# JRE version: OpenJDK Runtime Environment (17.0.10) (build 17.0.10+0--11572160)
# Java VM: OpenJDK 64-Bit Server VM (17.0.10+0--11572160, mixed mode, tiered, compressed oops, compressed class ptrs, g1 gc, windows-amd64)
GC Precious Log:
 CPUs: 16 total, 16 available
 Memory: 6005M
 Large Page Support: Disabled
 NUMA Support: Disabled
 Compressed Oops: Enabled (32-bit)
 Heap Region Size: 1M
 Heap Min Capacity: 8M
 Heap Initial Capacity: 94M
 Heap Max Capacity: 2G
 Pre-touch: Disabled
 Parallel Workers: 13
 Concurrent Workers: 3
 Concurrent Refinement Workers: 13
 Periodic GC: Disabled
Heap:
 garbage-first heap   total 302080K, used 139409K [0x0000000080000000, 0x0000000100000000)
  region size 1024K, 3 young (3072K), 3 survivors (3072K)
 Metaspace       used 111032K, committed 111872K, reserved 1179648K
  class space    used 16298K, committed 16704K, reserved 1048576K
GC Heap History (20 events):
Event: 13.498 GC heap after
{Heap after GC invocations=43 (full 0):
 garbage-first heap   total 114688K, used 66041K [0x0000000080000000, 0x0000000100000000)
  region size 1024K, 3 young (3072K), 3 survivors (3072K)
 Metaspace       used 82643K, committed 83328K, reserved 1179648K
  class space    used 11508K, committed 11840K, reserved 1048576K
}
Event: 13.524 GC heap before
{Heap before GC invocations=43 (full 0):
 garbage-first heap   total 114688K, used 68089K [0x0000000080000000, 0x0000000100000000)
  region size 1024K, 5 young (5120K), 3 survivors (3072K)
 Metaspace       used 82799K, committed 83456K, reserved 1179648K
  class space    used 11532K, committed 11840K, reserved 1048576K
}
Event: 13.527 GC heap after
{Heap after GC invocations=44 (full 0):
 garbage-first heap   total 114688K, used 65913K [0x0000000080000000, 0x0000000100000000)
  region size 1024K, 1 young (1024K), 1 survivors (1024K)
 Metaspace       used 82799K, committed 83456K, reserved 1179648K
  class space    used 11532K, committed 11840K, reserved 1048576K
}
Event: 13.862 GC heap before
{Heap before GC invocations=44 (full 0):
 garbage-first heap   total 114688K, used 94585K [0x0000000080000000, 0x0000000100000000)
  region size 1024K, 29 young (29696K), 1 survivors (1024K)
 Metaspace       used 85140K, committed 85760K, reserved 1179648K
  class space    used 11855K, committed 12160K, reserved 1048576K
}
Event: 13.866 GC heap after
{Heap after GC invocations=45 (full 0):
 garbage-first heap   total 229376K, used 67378K [0x0000000080000000, 0x0000000100000000)
  region size 1024K, 2 young (2048K), 2 survivors (2048K)
 Metaspace       used 85140K, committed 85760K, reserved 1179648K
  class space    used 11855K, committed 12160K, reserved 1048576K
}
Event: 15.761 GC heap before
{Heap before GC invocations=46 (full 0):
 garbage-first heap   total 229376K, used 185138K [0x0000000080000000, 0x0000000100000000)
  region size 1024K, 117 young (119808K), 2 survivors (2048K)
 Metaspace       used 93898K, committed 94592K, reserved 1179648K
  class space    used 13229K, committed 13568K, reserved 1048576K
}
Event: 15.767 GC heap after
{Heap after GC invocations=47 (full 0):
 garbage-first heap   total 229376K, used 74195K [0x0000000080000000, 0x0000000100000000)
  region size 1024K, 9 young (9216K), 9 survivors (9216K)
 Metaspace       used 93898K, committed 94592K, reserved 1179648K
  class space    used 13229K, committed 13568K, reserved 1048576K
}
Event: 15.774 GC heap before
{Heap before GC invocations=47 (full 0):
 garbage-first heap   total 229376K, used 76243K [0x0000000080000000, 0x0000000100000000)
  region size 1024K, 11 young (11264K), 9 survivors (9216K)
 Metaspace       used 93914K, committed 94592K, reserved 1179648K
  class space    used 13232K, committed 13568K, reserved 1048576K
}
Event: 15.780 GC heap after
{Heap after GC invocations=48 (full 0):
 garbage-first heap   total 229376K, used 74663K [0x0000000080000000, 0x0000000100000000)
  region size 1024K, 2 young (2048K), 2 survivors (2048K)
 Metaspace       used 93914K, committed 94592K, reserved 1179648K
  class space    used 13232K, committed 13568K, reserved 1048576K
}
Event: 16.537 GC heap before
{Heap before GC invocations=48 (full 0):
 garbage-first heap   total 229376K, used 186279K [0x0000000080000000, 0x0000000100000000)
  region size 1024K, 107 young (109568K), 2 survivors (2048K)
 Metaspace       used 96375K, committed 97152K, reserved 1179648K
  class space    used 13447K, committed 13824K, reserved 1048576K
}
Event: 16.542 GC heap after
{Heap after GC invocations=49 (full 0):
 garbage-first heap   total 229376K, used 79742K [0x0000000080000000, 0x0000000100000000)
  region size 1024K, 7 young (7168K), 7 survivors (7168K)
 Metaspace       used 96375K, committed 97152K, reserved 1179648K
  class space    used 13447K, committed 13824K, reserved 1048576K
}
Event: 17.120 GC heap before
{Heap before GC invocations=49 (full 0):
 garbage-first heap   total 229376K, used 183166K [0x0000000080000000, 0x0000000100000000)
  region size 1024K, 109 young (111616K), 7 survivors (7168K)
 Metaspace       used 100108K, committed 100928K, reserved 1179648K
  class space    used 14039K, committed 14464K, reserved 1048576K
}
Event: 17.148 GC heap after
{Heap after GC invocations=50 (full 0):
 garbage-first heap   total 229376K, used 93286K [0x0000000080000000, 0x0000000100000000)
  region size 1024K, 14 young (14336K), 14 survivors (14336K)
 Metaspace       used 100108K, committed 100928K, reserved 1179648K
  class space    used 14039K, committed 14464K, reserved 1048576K
}
Event: 17.630 GC heap before
{Heap before GC invocations=50 (full 0):
 garbage-first heap   total 229376K, used 180326K [0x0000000080000000, 0x0000000100000000)
  region size 1024K, 100 young (102400K), 14 survivors (14336K)
 Metaspace       used 104108K, committed 104960K, reserved 1179648K
  class space    used 14753K, committed 15168K, reserved 1048576K
}
Event: 17.677 GC heap after
{Heap after GC invocations=51 (full 0):
 garbage-first heap   total 229376K, used 107371K [0x0000000080000000, 0x0000000100000000)
  region size 1024K, 13 young (13312K), 13 survivors (13312K)
 Metaspace       used 104108K, committed 104960K, reserved 1179648K
  class space    used 14753K, committed 15168K, reserved 1048576K
}
Event: 18.056 GC heap before
{Heap before GC invocations=51 (full 0):
 garbage-first heap   total 302080K, used 179051K [0x0000000080000000, 0x0000000100000000)
  region size 1024K, 84 young (86016K), 13 survivors (13312K)
 Metaspace       used 106393K, committed 107200K, reserved 1179648K
  class space    used 15167K, committed 15552K, reserved 1048576K
}
Event: 18.080 GC heap after
{Heap after GC invocations=52 (full 0):
 garbage-first heap   total 302080K, used 119928K [0x0000000080000000, 0x0000000100000000)
  region size 1024K, 11 young (11264K), 11 survivors (11264K)
 Metaspace       used 106393K, committed 107200K, reserved 1179648K
  class space    used 15167K, committed 15552K, reserved 1048576K
}
Event: 18.489 GC heap before
{Heap before GC invocations=53 (full 0):
 garbage-first heap   total 302080K, used 235640K [0x0000000080000000, 0x0000000100000000)
  region size 1024K, 125 young (128000K), 11 survivors (11264K)
 Metaspace       used 111029K, committed 111872K, reserved 1179648K
  class space    used 16298K, committed 16704K, reserved 1048576K
}
Event: 18.564 GC heap after
{Heap after GC invocations=54 (full 0):
 garbage-first heap   total 302080K, used 137022K [0x0000000080000000, 0x0000000100000000)
  region size 1024K, 16 young (16384K), 16 survivors (16384K)
 Metaspace       used 111029K, committed 111872K, reserved 1179648K
  class space    used 16298K, committed 16704K, reserved 1048576K
}
Event: 18.566 GC heap before
{Heap before GC invocations=54 (full 0):
 garbage-first heap   total 302080K, used 138046K [0x0000000080000000, 0x0000000100000000)
  region size 1024K, 17 young (17408K), 16 survivors (16384K)
 Metaspace       used 111032K, committed 111872K, reserved 1179648K
  class space    used 16298K, committed 16704K, reserved 1048576K
}

