# JRE version: OpenJDK Runtime Environment (17.0.10) (build 17.0.10+0--11572160)
# Java VM: OpenJDK 64-Bit Server VM (17.0.10+0--11572160, mixed mode, tiered, compressed oops, compressed class ptrs, g1 gc, windows-amd64)
GC Precious Log:
 CPUs: 16 total, 16 available
 Memory: 6005M
 Large Page Support: Disabled
 NUMA Support: Disabled
 Compressed Oops: Enabled (32-bit)
 Heap Region Size: 1M
 Heap Min Capacity: 8M
 Heap Initial Capacity: 94M
 Heap Max Capacity: 2G
 Pre-touch: Disabled
 Parallel Workers: 13
 Concurrent Workers: 3
 Concurrent Refinement Workers: 13
 Periodic GC: Disabled
Heap:
 garbage-first heap   total 276480K, used 133008K [0x0000000080000000, 0x0000000100000000)
  region size 1024K, 7 young (7168K), 7 survivors (7168K)
 Metaspace       used 107037K, committed 107776K, reserved 1179648K
  class space    used 15241K, committed 15616K, reserved 1048576K
GC Heap History (20 events):
Event: 20.272 GC heap after
{Heap after GC invocations=43 (full 0):
 garbage-first heap   total 139264K, used 94727K [0x0000000080000000, 0x0000000100000000)
  region size 1024K, 4 young (4096K), 4 survivors (4096K)
 Metaspace       used 98753K, committed 99520K, reserved 1179648K
  class space    used 13801K, committed 14144K, reserved 1048576K
}
Event: 20.980 GC heap before
{Heap before GC invocations=43 (full 0):
 garbage-first heap   total 139264K, used 115207K [0x0000000080000000, 0x0000000100000000)
  region size 1024K, 25 young (25600K), 4 survivors (4096K)
 Metaspace       used 100841K, committed 101632K, reserved 1179648K
  class space    used 14181K, committed 14592K, reserved 1048576K
}
Event: 20.983 GC heap after
{Heap after GC invocations=44 (full 0):
 garbage-first heap   total 139264K, used 96914K [0x0000000080000000, 0x0000000100000000)
  region size 1024K, 3 young (3072K), 3 survivors (3072K)
 Metaspace       used 100841K, committed 101632K, reserved 1179648K
  class space    used 14181K, committed 14592K, reserved 1048576K
}
Event: 21.183 GC heap before
{Heap before GC invocations=44 (full 0):
 garbage-first heap   total 139264K, used 115346K [0x0000000080000000, 0x0000000100000000)
  region size 1024K, 22 young (22528K), 3 survivors (3072K)
 Metaspace       used 102650K, committed 103488K, reserved 1179648K
  class space    used 14488K, committed 14912K, reserved 1048576K
}
Event: 21.187 GC heap after
{Heap after GC invocations=45 (full 0):
 garbage-first heap   total 139264K, used 98599K [0x0000000080000000, 0x0000000100000000)
  region size 1024K, 2 young (2048K), 2 survivors (2048K)
 Metaspace       used 102650K, committed 103488K, reserved 1179648K
  class space    used 14488K, committed 14912K, reserved 1048576K
}
Event: 21.277 GC heap before
{Heap before GC invocations=45 (full 0):
 garbage-first heap   total 139264K, used 116007K [0x0000000080000000, 0x0000000100000000)
  region size 1024K, 20 young (20480K), 2 survivors (2048K)
 Metaspace       used 103230K, committed 104064K, reserved 1179648K
  class space    used 14552K, committed 14976K, reserved 1048576K
}
Event: 21.281 GC heap after
{Heap after GC invocations=46 (full 0):
 garbage-first heap   total 139264K, used 102130K [0x0000000080000000, 0x0000000100000000)
  region size 1024K, 3 young (3072K), 3 survivors (3072K)
 Metaspace       used 103230K, committed 104064K, reserved 1179648K
  class space    used 14552K, committed 14976K, reserved 1048576K
}
Event: 21.348 GC heap before
{Heap before GC invocations=46 (full 0):
 garbage-first heap   total 139264K, used 117490K [0x0000000080000000, 0x0000000100000000)
  region size 1024K, 18 young (18432K), 3 survivors (3072K)
 Metaspace       used 103665K, committed 104448K, reserved 1179648K
  class space    used 14645K, committed 15040K, reserved 1048576K
}
Event: 21.353 GC heap after
{Heap after GC invocations=47 (full 0):
 garbage-first heap   total 139264K, used 105357K [0x0000000080000000, 0x0000000100000000)
  region size 1024K, 3 young (3072K), 3 survivors (3072K)
 Metaspace       used 103665K, committed 104448K, reserved 1179648K
  class space    used 14645K, committed 15040K, reserved 1048576K
}
Event: 21.385 GC heap before
{Heap before GC invocations=47 (full 0):
 garbage-first heap   total 139264K, used 118669K [0x0000000080000000, 0x0000000100000000)
  region size 1024K, 16 young (16384K), 3 survivors (3072K)
 Metaspace       used 103840K, committed 104640K, reserved 1179648K
  class space    used 14681K, committed 15104K, reserved 1048576K
}
Event: 21.390 GC heap after
{Heap after GC invocations=48 (full 0):
 garbage-first heap   total 188416K, used 108404K [0x0000000080000000, 0x0000000100000000)
  region size 1024K, 2 young (2048K), 2 survivors (2048K)
 Metaspace       used 103840K, committed 104640K, reserved 1179648K
  class space    used 14681K, committed 15104K, reserved 1048576K
}
Event: 21.432 GC heap before
{Heap before GC invocations=48 (full 0):
 garbage-first heap   total 188416K, used 118644K [0x0000000080000000, 0x0000000100000000)
  region size 1024K, 14 young (14336K), 2 survivors (2048K)
 Metaspace       used 104128K, committed 104896K, reserved 1179648K
  class space    used 14747K, committed 15168K, reserved 1048576K
}
Event: 21.437 GC heap after
{Heap after GC invocations=49 (full 0):
 garbage-first heap   total 188416K, used 110828K [0x0000000080000000, 0x0000000100000000)
  region size 1024K, 5 young (5120K), 5 survivors (5120K)
 Metaspace       used 104128K, committed 104896K, reserved 1179648K
  class space    used 14747K, committed 15168K, reserved 1048576K
}
Event: 21.693 GC heap before
{Heap before GC invocations=50 (full 0):
 garbage-first heap   total 214016K, used 149740K [0x0000000080000000, 0x0000000100000000)
  region size 1024K, 43 young (44032K), 5 survivors (5120K)
 Metaspace       used 105715K, committed 106496K, reserved 1179648K
  class space    used 15085K, committed 15488K, reserved 1048576K
}
Event: 21.719 GC heap after
{Heap after GC invocations=51 (full 0):
 garbage-first heap   total 214016K, used 116703K [0x0000000080000000, 0x0000000100000000)
  region size 1024K, 6 young (6144K), 6 survivors (6144K)
 Metaspace       used 105715K, committed 106496K, reserved 1179648K
  class space    used 15085K, committed 15488K, reserved 1048576K
}
Event: 21.726 GC heap before
{Heap before GC invocations=51 (full 0):
 garbage-first heap   total 214016K, used 119775K [0x0000000080000000, 0x0000000100000000)
  region size 1024K, 10 young (10240K), 6 survivors (6144K)
 Metaspace       used 105838K, committed 106624K, reserved 1179648K
  class space    used 15099K, committed 15488K, reserved 1048576K
}
Event: 21.732 GC heap after
{Heap after GC invocations=52 (full 0):
 garbage-first heap   total 214016K, used 117111K [0x0000000080000000, 0x0000000100000000)
  region size 1024K, 2 young (2048K), 2 survivors (2048K)
 Metaspace       used 105838K, committed 106624K, reserved 1179648K
  class space    used 15099K, committed 15488K, reserved 1048576K
}
Event: 21.825 GC heap before
{Heap before GC invocations=52 (full 0):
 garbage-first heap   total 214016K, used 167287K [0x0000000080000000, 0x0000000100000000)
  region size 1024K, 51 young (52224K), 2 survivors (2048K)
 Metaspace       used 106325K, committed 107072K, reserved 1179648K
  class space    used 15162K, committed 15552K, reserved 1048576K
}
Event: 21.894 GC heap after
{Heap after GC invocations=53 (full 0):
 garbage-first heap   total 214016K, used 125631K [0x0000000080000000, 0x0000000100000000)
  region size 1024K, 7 young (7168K), 7 survivors (7168K)
 Metaspace       used 106325K, committed 107072K, reserved 1179648K
  class space    used 15162K, committed 15552K, reserved 1048576K
}
Event: 22.036 GC heap before
{Heap before GC invocations=53 (full 0):
 garbage-first heap   total 276480K, used 169663K [0x0000000080000000, 0x0000000100000000)
  region size 1024K, 51 young (52224K), 7 survivors (7168K)
 Metaspace       used 107037K, committed 107776K, reserved 1179648K
  class space    used 15241K, committed 15616K, reserved 1048576K
}

